<?xml version="1.0" encoding="UTF-8"?>
<!-- Generated by org.testng.reporters.JUnitReportReporter -->
<testsuite hostname="LAPTOP-1HRV6H1C" failures="0" tests="1" name="test1.BuyStock" time="16.215" errors="0" timestamp="2021-08-04T15:23:58 IST" skipped="0">
  <testcase classname="test1.BuyStock" name="ValidateStockBuy" time="16.215"/>
  <system-out/>
</testsuite> <!-- test1.BuyStock -->
